<?xml version="1.0" encoding="UTF-8"?>
<TestRun id="a88b7dba-b699-4ac5-b794-ea79de56a0c3" name="Addy@ADI 2012-05-10 09:57:52" runUser="ADI\Addy" xmlns="http://microsoft.com/schemas/VisualStudio/TeamTest/2010">
  <TestSettings name="Local" id="1f8a837c-fdd1-469b-8dd1-f356c7203470">
    <Description>These are default test settings for a local test run.</Description>
    <Deployment enabled="false" runDeploymentRoot="Addy_ADI 2012-05-10 09_57_52">
      <DeploymentItem filename="D:\Faculta\DesignPatterns\Piticot\PiticotBusiness\bin\Debug\PiticotBusiness.dll" />
      <DeploymentItem filename="D:\Faculta\DesignPatterns\Piticot\TestProjectPiticot\bin\Debug\log4net.dll" />
    </Deployment>
    <Execution>
      <TestTypeSpecific />
      <AgentRule name="Execution Agents">
      </AgentRule>
    </Execution>
  </TestSettings>
  <Times creation="2012-05-10T09:57:52.0781250+03:00" queuing="2012-05-10T09:57:52.1562500+03:00" start="2012-05-10T09:57:52.1875000+03:00" finish="2012-05-10T09:57:52.9062500+03:00" />
  <ResultSummary outcome="Failed">
    <Counters total="1" executed="1" error="0" failed="1" timeout="0" aborted="0" inconclusive="0" passedButRunAborted="0" notRunnable="0" notExecuted="0" disconnected="0" warning="0" passed="0" completed="0" inProgress="0" pending="0" />
  </ResultSummary>
  <TestDefinitions>
    <UnitTest name="NextPlayerTest" storage="d:\faculta\designpatterns\piticot\testprojectpiticot\bin\debug\testprojectpiticot.dll" id="d90d2649-b98a-b005-1e3f-f848cd46993d">
      <Execution id="735bae0f-5327-4838-88b8-d6210ee9b32d" />
      <TestMethod codeBase="D:/Faculta/DesignPatterns/Piticot/TestProjectPiticot/bin/Debug/TestProjectPiticot.DLL" adapterTypeName="Microsoft.VisualStudio.TestTools.TestTypes.Unit.UnitTestAdapter, Microsoft.VisualStudio.QualityTools.Tips.UnitTest.Adapter, Version=10.0.0.0, Culture=neutral, PublicKeyToken=b03f5f7f11d50a3a" className="TestProjectPiticot.GameTest, TestProjectPiticot, Version=1.0.0.0, Culture=neutral, PublicKeyToken=null" name="NextPlayerTest" />
    </UnitTest>
  </TestDefinitions>
  <TestLists>
    <TestList name="Results Not in a List" id="8c84fa94-04c1-424b-9868-57a2d4851a1d" />
    <TestList name="All Loaded Results" id="19431567-8539-422a-85d7-44ee4e166bda" />
  </TestLists>
  <TestEntries>
    <TestEntry testId="d90d2649-b98a-b005-1e3f-f848cd46993d" executionId="735bae0f-5327-4838-88b8-d6210ee9b32d" testListId="8c84fa94-04c1-424b-9868-57a2d4851a1d" />
  </TestEntries>
  <Results>
    <UnitTestResult executionId="735bae0f-5327-4838-88b8-d6210ee9b32d" testId="d90d2649-b98a-b005-1e3f-f848cd46993d" testName="NextPlayerTest" computerName="ADI" duration="00:00:00.2821475" startTime="2012-05-10T09:57:52.1875000+03:00" endTime="2012-05-10T09:57:52.8593750+03:00" testType="13cdc9d9-ddb5-4fa4-a97d-d965ccfc6d4b" outcome="Failed" testListId="8c84fa94-04c1-424b-9868-57a2d4851a1d" relativeResultsDirectory="735bae0f-5327-4838-88b8-d6210ee9b32d">
      <Output>
        <ErrorInfo>
          <Message>Test method TestProjectPiticot.GameTest.NextPlayerTest threw exception: 
System.NullReferenceException: Object reference not set to an instance of an object.</Message>
          <StackTrace>    at PiticotBusiness.Classes.Game.NextPlayer() in D:\Faculta\DesignPatterns\Piticot\PiticotBusiness\Classes\Game.cs:line 91
   at TestProjectPiticot.GameTest.NextPlayerTest() in D:\Faculta\DesignPatterns\Piticot\TestProjectPiticot\GameTest.cs:line 92
</StackTrace>
        </ErrorInfo>
      </Output>
    </UnitTestResult>
  </Results>
</TestRun>