<?xml version="1.0" encoding="UTF-8"?>
<TestRun id="12d3e36e-0511-489b-afd8-ad57276ea801" name="Addy@ADI 2012-03-29 12:29:54" runUser="ADI\Addy" xmlns="http://microsoft.com/schemas/VisualStudio/TeamTest/2010">
  <TestSettings name="Local" id="1f8a837c-fdd1-469b-8dd1-f356c7203470">
    <Description>These are default test settings for a local test run.</Description>
    <Deployment enabled="false" runDeploymentRoot="Addy_ADI 2012-03-29 12_29_54">
      <DeploymentItem filename="C:\Documents and Settings\Addy\My Documents\Dropbox\Piticot\PiticotApplication\PiticotBusiness\bin\Debug\PiticotBusiness.dll" />
    </Deployment>
    <Execution>
      <TestTypeSpecific />
      <AgentRule name="Execution Agents">
      </AgentRule>
    </Execution>
  </TestSettings>
  <Times creation="2012-03-29T12:29:54.1093750+03:00" queuing="2012-03-29T12:29:54.7343750+03:00" start="2012-03-29T12:29:54.8593750+03:00" finish="2012-03-29T12:29:55.8593750+03:00" />
  <ResultSummary outcome="Failed">
    <Counters total="1" executed="1" error="0" failed="1" timeout="0" aborted="0" inconclusive="0" passedButRunAborted="0" notRunnable="0" notExecuted="0" disconnected="0" warning="0" passed="0" completed="0" inProgress="0" pending="0" />
  </ResultSummary>
  <TestDefinitions>
    <UnitTest name="ThrowTest" storage="c:\documents and settings\addy\my documents\dropbox\piticot\piticotapplication\testprojectpiticot\bin\debug\testprojectpiticot.dll" id="94d1e3f1-98a1-07bd-0f21-5047d0dd4515">
      <Execution id="e0c99ff9-f3eb-4a4b-b832-f52a1afe0224" />
      <TestMethod codeBase="C:/Documents and Settings/Addy/My Documents/Dropbox/Piticot/PiticotApplication/TestProjectPiticot/bin/Debug/TestProjectPiticot.DLL" adapterTypeName="Microsoft.VisualStudio.TestTools.TestTypes.Unit.UnitTestAdapter, Microsoft.VisualStudio.QualityTools.Tips.UnitTest.Adapter, Version=10.0.0.0, Culture=neutral, PublicKeyToken=b03f5f7f11d50a3a" className="TestProjectPiticot.GameDiceTest, TestProjectPiticot, Version=1.0.0.0, Culture=neutral, PublicKeyToken=null" name="ThrowTest" />
    </UnitTest>
  </TestDefinitions>
  <TestLists>
    <TestList name="Results Not in a List" id="8c84fa94-04c1-424b-9868-57a2d4851a1d" />
    <TestList name="All Loaded Results" id="19431567-8539-422a-85d7-44ee4e166bda" />
  </TestLists>
  <TestEntries>
    <TestEntry testId="94d1e3f1-98a1-07bd-0f21-5047d0dd4515" executionId="e0c99ff9-f3eb-4a4b-b832-f52a1afe0224" testListId="8c84fa94-04c1-424b-9868-57a2d4851a1d" />
  </TestEntries>
  <Results>
    <UnitTestResult executionId="e0c99ff9-f3eb-4a4b-b832-f52a1afe0224" testId="94d1e3f1-98a1-07bd-0f21-5047d0dd4515" testName="ThrowTest" computerName="ADI" duration="00:00:00.2809211" startTime="2012-03-29T12:29:54.9062500+03:00" endTime="2012-03-29T12:29:55.7968750+03:00" testType="13cdc9d9-ddb5-4fa4-a97d-d965ccfc6d4b" outcome="Failed" testListId="8c84fa94-04c1-424b-9868-57a2d4851a1d" relativeResultsDirectory="e0c99ff9-f3eb-4a4b-b832-f52a1afe0224">
      <Output>
        <ErrorInfo>
          <Message>Assert.IsTrue failed. </Message>
          <StackTrace>   at TestProjectPiticot.GameDiceTest.ThrowTest() in C:\Documents and Settings\Addy\My Documents\Dropbox\Piticot\PiticotApplication\TestProjectPiticot\GameDiceTest.cs:line 78
</StackTrace>
        </ErrorInfo>
      </Output>
    </UnitTestResult>
  </Results>
</TestRun>