<?xml version="1.0" encoding="UTF-8"?>
<TestRun id="cec34e5f-0278-4029-997c-fd6a32f295c3" name="Addy@ADI 2012-05-02 22:58:41" runUser="ADI\Addy" xmlns="http://microsoft.com/schemas/VisualStudio/TeamTest/2010">
  <TestSettings name="Local" id="1f8a837c-fdd1-469b-8dd1-f356c7203470">
    <Description>These are default test settings for a local test run.</Description>
    <Deployment enabled="false" runDeploymentRoot="Addy_ADI 2012-05-02 22_58_41">
      <DeploymentItem filename="C:\Documents and Settings\Addy\My Documents\Visual Studio 2010\Projects\Piticot\PiticotBusiness\bin\Debug\PiticotBusiness.dll" />
    </Deployment>
    <Execution>
      <TestTypeSpecific />
      <AgentRule name="Execution Agents">
      </AgentRule>
    </Execution>
  </TestSettings>
  <Times creation="2012-05-02T22:58:41.1718750+03:00" queuing="2012-05-02T22:58:46.7031250+03:00" start="2012-05-02T22:58:47.0000000+03:00" finish="2012-05-02T22:58:48.9218750+03:00" />
  <ResultSummary outcome="Failed">
    <Counters total="1" executed="1" error="0" failed="1" timeout="0" aborted="0" inconclusive="0" passedButRunAborted="0" notRunnable="0" notExecuted="0" disconnected="0" warning="0" passed="0" completed="0" inProgress="0" pending="0" />
  </ResultSummary>
  <TestDefinitions>
    <UnitTest name="ThrowTest" storage="c:\documents and settings\addy\my documents\visual studio 2010\projects\piticot\testprojectpiticot\bin\debug\testprojectpiticot.dll" id="94d1e3f1-98a1-07bd-0f21-5047d0dd4515">
      <Execution id="01d756c4-8629-456d-b05f-a9ec49d20780" />
      <TestMethod codeBase="C:/Documents and Settings/Addy/My Documents/Visual Studio 2010/Projects/Piticot/TestProjectPiticot/bin/Debug/TestProjectPiticot.DLL" adapterTypeName="Microsoft.VisualStudio.TestTools.TestTypes.Unit.UnitTestAdapter, Microsoft.VisualStudio.QualityTools.Tips.UnitTest.Adapter, Version=10.0.0.0, Culture=neutral, PublicKeyToken=b03f5f7f11d50a3a" className="TestProjectPiticot.GameDiceTest, TestProjectPiticot, Version=1.0.0.0, Culture=neutral, PublicKeyToken=null" name="ThrowTest" />
    </UnitTest>
  </TestDefinitions>
  <TestLists>
    <TestList name="Results Not in a List" id="8c84fa94-04c1-424b-9868-57a2d4851a1d" />
    <TestList name="All Loaded Results" id="19431567-8539-422a-85d7-44ee4e166bda" />
  </TestLists>
  <TestEntries>
    <TestEntry testId="94d1e3f1-98a1-07bd-0f21-5047d0dd4515" executionId="01d756c4-8629-456d-b05f-a9ec49d20780" testListId="8c84fa94-04c1-424b-9868-57a2d4851a1d" />
  </TestEntries>
  <Results>
    <UnitTestResult executionId="01d756c4-8629-456d-b05f-a9ec49d20780" testId="94d1e3f1-98a1-07bd-0f21-5047d0dd4515" testName="ThrowTest" computerName="ADI" duration="00:00:00.4779601" startTime="2012-05-02T22:58:47.0156250+03:00" endTime="2012-05-02T22:58:48.8437500+03:00" testType="13cdc9d9-ddb5-4fa4-a97d-d965ccfc6d4b" outcome="Failed" testListId="8c84fa94-04c1-424b-9868-57a2d4851a1d" relativeResultsDirectory="01d756c4-8629-456d-b05f-a9ec49d20780">
      <Output>
        <ErrorInfo>
          <Message>Assert.IsTrue failed. </Message>
          <StackTrace>   at TestProjectPiticot.GameDiceTest.ThrowTest() in C:\Documents and Settings\Addy\My Documents\Visual Studio 2010\Projects\Piticot\TestProjectPiticot\GameDiceTest.cs:line 78
</StackTrace>
        </ErrorInfo>
      </Output>
    </UnitTestResult>
  </Results>
</TestRun>