<?xml version="1.0" encoding="UTF-8"?>
<TestRun id="b660c55a-19a7-436c-b3e8-dcdd0730f0f6" name="Addy@ADI 2012-05-10 10:26:57" runUser="ADI\Addy" xmlns="http://microsoft.com/schemas/VisualStudio/TeamTest/2010">
  <TestSettings name="Local" id="1f8a837c-fdd1-469b-8dd1-f356c7203470">
    <Description>These are default test settings for a local test run.</Description>
    <Deployment enabled="false" runDeploymentRoot="Addy_ADI 2012-05-10 10_26_57">
      <DeploymentItem filename="D:\Faculta\DesignPatterns\Piticot\PiticotBusiness\bin\Debug\PiticotBusiness.dll" />
      <DeploymentItem filename="D:\Faculta\DesignPatterns\Piticot\TestProjectPiticot\bin\Debug\log4net.dll" />
    </Deployment>
    <Execution>
      <TestTypeSpecific />
      <AgentRule name="Execution Agents">
      </AgentRule>
    </Execution>
  </TestSettings>
  <Times creation="2012-05-10T10:26:57.6562500+03:00" queuing="2012-05-10T10:26:57.7187500+03:00" start="2012-05-10T10:26:57.7500000+03:00" finish="2012-05-10T10:26:59.1250000+03:00" />
  <ResultSummary outcome="Completed">
    <Counters total="4" executed="4" passed="4" error="0" failed="0" timeout="0" aborted="0" inconclusive="0" passedButRunAborted="0" notRunnable="0" notExecuted="0" disconnected="0" warning="0" completed="0" inProgress="0" pending="0" />
  </ResultSummary>
  <TestDefinitions>
    <UnitTest name="NextPlayerTest" storage="d:\faculta\designpatterns\piticot\testprojectpiticot\bin\debug\testprojectpiticot.dll" id="d90d2649-b98a-b005-1e3f-f848cd46993d">
      <Execution id="6ec9da39-d983-49e9-9d25-1548ef2fc492" />
      <TestMethod codeBase="D:/Faculta/DesignPatterns/Piticot/TestProjectPiticot/bin/Debug/TestProjectPiticot.DLL" adapterTypeName="Microsoft.VisualStudio.TestTools.TestTypes.Unit.UnitTestAdapter, Microsoft.VisualStudio.QualityTools.Tips.UnitTest.Adapter, Version=10.0.0.0, Culture=neutral, PublicKeyToken=b03f5f7f11d50a3a" className="TestProjectPiticot.GameTest, TestProjectPiticot, Version=1.0.0.0, Culture=neutral, PublicKeyToken=null" name="NextPlayerTest" />
    </UnitTest>
    <UnitTest name="ThrowTest" storage="d:\faculta\designpatterns\piticot\testprojectpiticot\bin\debug\testprojectpiticot.dll" id="94d1e3f1-98a1-07bd-0f21-5047d0dd4515">
      <Execution id="ae4e7b1b-da73-43a3-a50c-2a7ace1bbb5a" />
      <TestMethod codeBase="D:/Faculta/DesignPatterns/Piticot/TestProjectPiticot/bin/Debug/TestProjectPiticot.DLL" adapterTypeName="Microsoft.VisualStudio.TestTools.TestTypes.Unit.UnitTestAdapter, Microsoft.VisualStudio.QualityTools.Tips.UnitTest.Adapter, Version=10.0.0.0, Culture=neutral, PublicKeyToken=b03f5f7f11d50a3a" className="TestProjectPiticot.GameDiceTest, TestProjectPiticot, Version=1.0.0.0, Culture=neutral, PublicKeyToken=null" name="ThrowTest" />
    </UnitTest>
    <UnitTest name="GenerateCellsTest" storage="d:\faculta\designpatterns\piticot\testprojectpiticot\bin\debug\testprojectpiticot.dll" id="0896cf21-c0cf-9aaf-dbc9-ca11e3577530">
      <DeploymentItems>
        <DeploymentItem filename="PiticotBusiness.dll" />
      </DeploymentItems>
      <Execution id="1498ca69-9556-4de8-b66f-4b68b7dd08ca" />
      <TestMethod codeBase="D:/Faculta/DesignPatterns/Piticot/TestProjectPiticot/bin/Debug/TestProjectPiticot.DLL" adapterTypeName="Microsoft.VisualStudio.TestTools.TestTypes.Unit.UnitTestAdapter, Microsoft.VisualStudio.QualityTools.Tips.UnitTest.Adapter, Version=10.0.0.0, Culture=neutral, PublicKeyToken=b03f5f7f11d50a3a" className="TestProjectPiticot.GameTest, TestProjectPiticot, Version=1.0.0.0, Culture=neutral, PublicKeyToken=null" name="GenerateCellsTest" />
    </UnitTest>
    <UnitTest name="MoveTest" storage="d:\faculta\designpatterns\piticot\testprojectpiticot\bin\debug\testprojectpiticot.dll" id="6a05ef7f-7648-5109-e691-81f3de55e021">
      <Execution id="e4e6c736-26f7-4750-a592-32fd3732e647" />
      <TestMethod codeBase="D:/Faculta/DesignPatterns/Piticot/TestProjectPiticot/bin/Debug/TestProjectPiticot.DLL" adapterTypeName="Microsoft.VisualStudio.TestTools.TestTypes.Unit.UnitTestAdapter, Microsoft.VisualStudio.QualityTools.Tips.UnitTest.Adapter, Version=10.0.0.0, Culture=neutral, PublicKeyToken=b03f5f7f11d50a3a" className="TestProjectPiticot.GameTest, TestProjectPiticot, Version=1.0.0.0, Culture=neutral, PublicKeyToken=null" name="MoveTest" />
    </UnitTest>
  </TestDefinitions>
  <TestLists>
    <TestList name="Results Not in a List" id="8c84fa94-04c1-424b-9868-57a2d4851a1d" />
    <TestList name="All Loaded Results" id="19431567-8539-422a-85d7-44ee4e166bda" />
  </TestLists>
  <TestEntries>
    <TestEntry testId="0896cf21-c0cf-9aaf-dbc9-ca11e3577530" executionId="1498ca69-9556-4de8-b66f-4b68b7dd08ca" testListId="8c84fa94-04c1-424b-9868-57a2d4851a1d" />
    <TestEntry testId="6a05ef7f-7648-5109-e691-81f3de55e021" executionId="e4e6c736-26f7-4750-a592-32fd3732e647" testListId="8c84fa94-04c1-424b-9868-57a2d4851a1d" />
    <TestEntry testId="94d1e3f1-98a1-07bd-0f21-5047d0dd4515" executionId="ae4e7b1b-da73-43a3-a50c-2a7ace1bbb5a" testListId="8c84fa94-04c1-424b-9868-57a2d4851a1d" />
    <TestEntry testId="d90d2649-b98a-b005-1e3f-f848cd46993d" executionId="6ec9da39-d983-49e9-9d25-1548ef2fc492" testListId="8c84fa94-04c1-424b-9868-57a2d4851a1d" />
  </TestEntries>
  <Results>
    <UnitTestResult executionId="1498ca69-9556-4de8-b66f-4b68b7dd08ca" testId="0896cf21-c0cf-9aaf-dbc9-ca11e3577530" testName="GenerateCellsTest" computerName="ADI" duration="00:00:00.6050593" startTime="2012-05-10T10:26:57.7500000+03:00" endTime="2012-05-10T10:26:58.7500000+03:00" testType="13cdc9d9-ddb5-4fa4-a97d-d965ccfc6d4b" outcome="Passed" testListId="8c84fa94-04c1-424b-9868-57a2d4851a1d" relativeResultsDirectory="1498ca69-9556-4de8-b66f-4b68b7dd08ca">
    </UnitTestResult>
    <UnitTestResult executionId="e4e6c736-26f7-4750-a592-32fd3732e647" testId="6a05ef7f-7648-5109-e691-81f3de55e021" testName="MoveTest" computerName="ADI" duration="00:00:00.1464694" startTime="2012-05-10T10:26:58.7656250+03:00" endTime="2012-05-10T10:26:58.9218750+03:00" testType="13cdc9d9-ddb5-4fa4-a97d-d965ccfc6d4b" outcome="Passed" testListId="8c84fa94-04c1-424b-9868-57a2d4851a1d" relativeResultsDirectory="e4e6c736-26f7-4750-a592-32fd3732e647">
    </UnitTestResult>
    <UnitTestResult executionId="ae4e7b1b-da73-43a3-a50c-2a7ace1bbb5a" testId="94d1e3f1-98a1-07bd-0f21-5047d0dd4515" testName="ThrowTest" computerName="ADI" duration="00:00:00.0020111" startTime="2012-05-10T10:26:58.9218750+03:00" endTime="2012-05-10T10:26:58.9375000+03:00" testType="13cdc9d9-ddb5-4fa4-a97d-d965ccfc6d4b" outcome="Passed" testListId="8c84fa94-04c1-424b-9868-57a2d4851a1d" relativeResultsDirectory="ae4e7b1b-da73-43a3-a50c-2a7ace1bbb5a">
    </UnitTestResult>
    <UnitTestResult executionId="6ec9da39-d983-49e9-9d25-1548ef2fc492" testId="d90d2649-b98a-b005-1e3f-f848cd46993d" testName="NextPlayerTest" computerName="ADI" duration="00:00:00.1432411" startTime="2012-05-10T10:26:58.9375000+03:00" endTime="2012-05-10T10:26:59.0781250+03:00" testType="13cdc9d9-ddb5-4fa4-a97d-d965ccfc6d4b" outcome="Passed" testListId="8c84fa94-04c1-424b-9868-57a2d4851a1d" relativeResultsDirectory="6ec9da39-d983-49e9-9d25-1548ef2fc492">
    </UnitTestResult>
  </Results>
</TestRun>