<?xml version="1.0" encoding="UTF-8"?>
<TestRun id="81c279a9-744e-45b5-b3a4-12972ed327b2" name="danny@DANNY-PC 2012-04-04 13:45:09" runUser="danny-PC\danny" xmlns="http://microsoft.com/schemas/VisualStudio/TeamTest/2010">
  <TestSettings name="Local" id="1f8a837c-fdd1-469b-8dd1-f356c7203470">
    <Description>These are default test settings for a local test run.</Description>
    <Deployment enabled="false" runDeploymentRoot="danny_DANNY-PC 2012-04-04 13_45_09">
      <DeploymentItem filename="C:\Users\danny\Desktop\PiticotApplication\PiticotBusiness\bin\Debug\PiticotBusiness.dll" />
    </Deployment>
    <Execution>
      <TestTypeSpecific />
      <AgentRule name="Execution Agents">
      </AgentRule>
    </Execution>
  </TestSettings>
  <Times creation="2012-04-04T13:45:09.8575317+03:00" queuing="2012-04-04T13:45:11.8436453+03:00" start="2012-04-04T13:45:12.0226555+03:00" finish="2012-04-04T13:45:13.3947340+03:00" />
  <ResultSummary outcome="Completed">
    <Counters total="1" executed="1" passed="1" error="0" failed="0" timeout="0" aborted="0" inconclusive="0" passedButRunAborted="0" notRunnable="0" notExecuted="0" disconnected="0" warning="0" completed="0" inProgress="0" pending="0" />
  </ResultSummary>
  <TestDefinitions>
    <UnitTest name="ThrowTest" storage="c:\users\danny\desktop\piticotapplication\testprojectpiticot\bin\debug\testprojectpiticot.dll" id="94d1e3f1-98a1-07bd-0f21-5047d0dd4515">
      <Execution id="f4c26913-93ea-4251-a7ab-216276e80390" />
      <TestMethod codeBase="C:/Users/danny/Desktop/PiticotApplication/TestProjectPiticot/bin/Debug/TestProjectPiticot.DLL" adapterTypeName="Microsoft.VisualStudio.TestTools.TestTypes.Unit.UnitTestAdapter, Microsoft.VisualStudio.QualityTools.Tips.UnitTest.Adapter, Version=10.0.0.0, Culture=neutral, PublicKeyToken=b03f5f7f11d50a3a" className="TestProjectPiticot.GameDiceTest, TestProjectPiticot, Version=1.0.0.0, Culture=neutral, PublicKeyToken=null" name="ThrowTest" />
    </UnitTest>
  </TestDefinitions>
  <TestLists>
    <TestList name="Results Not in a List" id="8c84fa94-04c1-424b-9868-57a2d4851a1d" />
    <TestList name="All Loaded Results" id="19431567-8539-422a-85d7-44ee4e166bda" />
  </TestLists>
  <TestEntries>
    <TestEntry testId="94d1e3f1-98a1-07bd-0f21-5047d0dd4515" executionId="f4c26913-93ea-4251-a7ab-216276e80390" testListId="8c84fa94-04c1-424b-9868-57a2d4851a1d" />
  </TestEntries>
  <Results>
    <UnitTestResult executionId="f4c26913-93ea-4251-a7ab-216276e80390" testId="94d1e3f1-98a1-07bd-0f21-5047d0dd4515" testName="ThrowTest" computerName="DANNY-PC" duration="00:00:00.1346752" startTime="2012-04-04T13:45:12.1516629+03:00" endTime="2012-04-04T13:45:13.3147294+03:00" testType="13cdc9d9-ddb5-4fa4-a97d-d965ccfc6d4b" outcome="Passed" testListId="8c84fa94-04c1-424b-9868-57a2d4851a1d" relativeResultsDirectory="f4c26913-93ea-4251-a7ab-216276e80390">
    </UnitTestResult>
  </Results>
</TestRun>