<?xml version="1.0" encoding="UTF-8"?>
<TestRun id="5ac936df-6511-416b-a8bf-c0655fe97791" name="danny@DANNY-PC 2012-04-04 16:04:08" runUser="danny-PC\danny" xmlns="http://microsoft.com/schemas/VisualStudio/TeamTest/2010">
  <TestSettings name="Local" id="1f8a837c-fdd1-469b-8dd1-f356c7203470">
    <Description>These are default test settings for a local test run.</Description>
    <Deployment userDeploymentRoot="C:\Users\danny\Desktop\PiticotApplication\TestResults" useDefaultDeploymentRoot="false" enabled="false" runDeploymentRoot="danny_DANNY-PC 2012-04-04 16_04_08">
      <DeploymentItem filename="C:\Users\danny\Desktop\PiticotApplication\PiticotBusiness\bin\Debug\PiticotBusiness.dll" />
    </Deployment>
    <Execution>
      <TestTypeSpecific />
      <AgentRule name="Execution Agents">
      </AgentRule>
    </Execution>
  </TestSettings>
  <Times creation="2012-04-04T16:04:08.2064580+03:00" queuing="2012-04-04T16:04:08.2134584+03:00" start="2012-04-04T16:04:08.2354596+03:00" finish="2012-04-04T16:04:08.6184815+03:00" />
  <ResultSummary outcome="Completed">
    <Counters total="1" executed="1" passed="1" error="0" failed="0" timeout="0" aborted="0" inconclusive="0" passedButRunAborted="0" notRunnable="0" notExecuted="0" disconnected="0" warning="0" completed="0" inProgress="0" pending="0" />
  </ResultSummary>
  <TestDefinitions>
    <UnitTest name="ThrowTest" storage="c:\users\danny\desktop\piticotapplication\testprojectpiticot\bin\debug\testprojectpiticot.dll" id="94d1e3f1-98a1-07bd-0f21-5047d0dd4515">
      <Execution id="4b14753b-618c-4474-b207-b94bf7eaa4cd" />
      <TestMethod codeBase="C:/Users/danny/Desktop/PiticotApplication/TestProjectPiticot/bin/Debug/TestProjectPiticot.DLL" adapterTypeName="Microsoft.VisualStudio.TestTools.TestTypes.Unit.UnitTestAdapter, Microsoft.VisualStudio.QualityTools.Tips.UnitTest.Adapter, Version=10.0.0.0, Culture=neutral, PublicKeyToken=b03f5f7f11d50a3a" className="TestProjectPiticot.GameDiceTest, TestProjectPiticot, Version=1.0.0.0, Culture=neutral, PublicKeyToken=null" name="ThrowTest" />
    </UnitTest>
  </TestDefinitions>
  <TestLists>
    <TestList name="Results Not in a List" id="8c84fa94-04c1-424b-9868-57a2d4851a1d" />
    <TestList name="All Loaded Results" id="19431567-8539-422a-85d7-44ee4e166bda" />
  </TestLists>
  <TestEntries>
    <TestEntry testId="94d1e3f1-98a1-07bd-0f21-5047d0dd4515" executionId="4b14753b-618c-4474-b207-b94bf7eaa4cd" testListId="8c84fa94-04c1-424b-9868-57a2d4851a1d" />
  </TestEntries>
  <Results>
    <UnitTestResult executionId="4b14753b-618c-4474-b207-b94bf7eaa4cd" testId="94d1e3f1-98a1-07bd-0f21-5047d0dd4515" testName="ThrowTest" computerName="DANNY-PC" duration="00:00:00.0261813" startTime="2012-04-04T16:04:08.2424600+03:00" endTime="2012-04-04T16:04:08.5904799+03:00" testType="13cdc9d9-ddb5-4fa4-a97d-d965ccfc6d4b" outcome="Passed" testListId="8c84fa94-04c1-424b-9868-57a2d4851a1d" relativeResultsDirectory="4b14753b-618c-4474-b207-b94bf7eaa4cd">
    </UnitTestResult>
  </Results>
</TestRun>