<?xml version="1.0" encoding="UTF-8"?>
<TestRun id="55cdabb2-5517-4365-89c6-fc1e832bc544" name="danny@DANNY-PC 2012-04-04 15:25:37" runUser="danny-PC\danny" xmlns="http://microsoft.com/schemas/VisualStudio/TeamTest/2010">
  <TestSettings name="Local" id="1f8a837c-fdd1-469b-8dd1-f356c7203470">
    <Description>These are default test settings for a local test run.</Description>
    <Deployment enabled="false" runDeploymentRoot="danny_DANNY-PC 2012-04-04 15_25_37">
      <DeploymentItem filename="C:\Users\danny\Desktop\PiticotApplication\PiticotBusiness\bin\Debug\PiticotBusiness.dll" />
    </Deployment>
    <Execution>
      <TestTypeSpecific />
      <AgentRule name="Execution Agents">
      </AgentRule>
    </Execution>
  </TestSettings>
  <Times creation="2012-04-04T15:25:37.8703143+03:00" queuing="2012-04-04T15:25:38.4293463+03:00" start="2012-04-04T15:25:41.8975447+03:00" finish="2012-04-04T15:25:42.5135799+03:00" />
  <ResultSummary outcome="NotRunnable">
    <Counters total="1" error="0" failed="0" timeout="0" aborted="0" inconclusive="0" passedButRunAborted="0" notRunnable="1" notExecuted="0" disconnected="0" warning="0" passed="0" completed="0" inProgress="0" pending="0" />
  </ResultSummary>
  <TestDefinitions>
    <UnitTest name="ThrowTest" storage="c:\users\danny\desktop\piticotapplication\testprojectpiticot\bin\debug\testprojectpiticot.dll" id="94d1e3f1-98a1-07bd-0f21-5047d0dd4515">
      <Execution id="e9303511-9481-4d0c-ada3-cee1f0befe1a" />
      <TestMethod codeBase="C:/Users/danny/Desktop/PiticotApplication/TestProjectPiticot/bin/Debug/TestProjectPiticot.DLL" adapterTypeName="Microsoft.VisualStudio.TestTools.TestTypes.Unit.UnitTestAdapter, Microsoft.VisualStudio.QualityTools.Tips.UnitTest.Adapter, Version=10.0.0.0, Culture=neutral, PublicKeyToken=b03f5f7f11d50a3a" className="TestProjectPiticot.GameDiceTest, TestProjectPiticot, Version=1.0.0.0, Culture=neutral, PublicKeyToken=null" name="ThrowTest" />
    </UnitTest>
  </TestDefinitions>
  <TestLists>
    <TestList name="Results Not in a List" id="8c84fa94-04c1-424b-9868-57a2d4851a1d" />
    <TestList name="All Loaded Results" id="19431567-8539-422a-85d7-44ee4e166bda" />
  </TestLists>
  <TestEntries>
    <TestEntry testId="94d1e3f1-98a1-07bd-0f21-5047d0dd4515" executionId="e9303511-9481-4d0c-ada3-cee1f0befe1a" testListId="8c84fa94-04c1-424b-9868-57a2d4851a1d" />
  </TestEntries>
  <Results>
    <UnitTestResult executionId="e9303511-9481-4d0c-ada3-cee1f0befe1a" testId="94d1e3f1-98a1-07bd-0f21-5047d0dd4515" testName="ThrowTest" computerName="DANNY-PC" testType="13cdc9d9-ddb5-4fa4-a97d-d965ccfc6d4b" outcome="NotRunnable" testListId="8c84fa94-04c1-424b-9868-57a2d4851a1d" relativeResultsDirectory="e9303511-9481-4d0c-ada3-cee1f0befe1a">
      <Output>
        <ErrorInfo>
          <Message>UTA007: Method ThrowTest defined in class TestProjectPiticot.GameDiceTest does not have correct signature. Test method marked with the [TestMethod] attribute must be non-static, public, does not return a value and should not take any parameter. for example: public void Test.Class1.Test().</Message>
        </ErrorInfo>
      </Output>
    </UnitTestResult>
  </Results>
</TestRun>